<?xml version="1.0" encoding="UTF-8"?>
<!-- Generated by org.testng.reporters.JUnitReportReporter -->
<testsuite hostname="NB0013009" name="com.cucumber.runner.SuiteRunner1" tests="1" failures="0" timestamp="27 Nov 2016 18:14:29 GMT" time="20.413" errors="0">
  <testcase name="run_cukes" time="20.413" classname="com.cucumber.runner.SuiteRunner1"/>
</testsuite> <!-- com.cucumber.runner.SuiteRunner1 -->
